INFO: [SIM 2] *************** CSIM start ***************
INFO: [SIM 4] CSIM will launch GCC as the compiler.
   Compiling ../../../../test/tb_set14.cpp in debug mode
   Compiling ../../../../src/conv1_tile.cpp in debug mode
   Generating csim.exe
Makefile.rules:322: recipe for target 'csim.exe' failed
obj/tb_set14.o: In function `tb_set14()':
C:\Users\james\Documents\Hardware_Final_Project_Private_V2\golden\srcnn_hls\solution1\csim\build/../../../../test/tb_set14.cpp:120: undefined reference to `srcnn(float (*) [255][255], float (*) [1][9][9], float*, float (*) [64][1][1], float*, float (*) [32][5][5], float*, float (*) [255][255])'
obj/tb_srcnn.o: In function `tb_srcnn()':
C:\Users\james\Documents\Hardware_Final_Project_Private_V2\golden\srcnn_hls\solution1\csim\build/../../../../test/tb_srcnn.cpp:61: undefined reference to `srcnn(float (*) [255][255], float (*) [1][9][9], float*, float (*) [64][1][1], float*, float (*) [32][5][5], float*, float (*) [255][255])'
collect2.exe: error: ld returned 1 exit status
make: *** [csim.exe] Error 1
ERR: [SIM 100] 'csim_design' failed: compilation error(s).
INFO: [SIM 3] *************** CSIM finish ***************
